{
  "log": {
    "loglevel": "info",
    "access": "C:\\v@ray\\access.log",
    "error": "C:\\v@ray\\error.log"
  },
  "inbounds": [
    {
      "port": 443,
      "protocol": "vmess",
      "settings": {
        "clients": [
          {
            "id": "620a0f44-783d-43f5-b29c-e9dd530b3d8f",
            "alterId": 64
          }
        ]
      }
    }
  ],
  "outbounds": [
    {
      "protocol": "freedom",
      "settings": {},
      "tag": "direct"
    }
  ],
  "routing": {
    "domainStrategy": "IPOnDemand",
    "rules": [
      {
        "type": "field",
        "ip": ["geoip:private"],
        "outboundTag": "blocked"
      }
    ]
  },
  "dns": {
    "servers": [
      "1.1.1.1",
      "8.8.8.8",
      "localhost"
    ]
  },
  "policy": {
    "levels": {
      "0": {
        "uplinkOnly": 0,
        "downlinkOnly": 0
      }
    },
    "system": {
      "statsInboundUplink": false,
      "statsInboundDownlink": false,
      "statsOutboundUplink": false,
      "statsOutboundDownlink": false
    }
  }
}
